<?xml version="1.0" encoding="UTF-8"?>
<!-- Generated by org.testng.reporters.JUnitReportReporter -->
<testsuite hostname="AAAW46ZLPC0508" failures="0" tests="1" name="com.privacyshield.testcases.TC_Psform_01" time="70.962" errors="0" timestamp="2022-04-27T18:21:26 IST" skipped="0">
  <testcase classname="com.privacyshield.testcases.TC_Psform_01" name="submitform" time="70.962"/>
  <system-out/>
</testsuite> <!-- com.privacyshield.testcases.TC_Psform_01 -->
